JetBrains Amper version 0.8.2 (fed2d26, 2025-11-17)
running on Windows 10 10.0 jvm arch amd64

01:12.375 INFO  :KtorFramework:compileJvm Downloader                Downloading https://corretto.aws/downloads/resources/21.0.1.12.1/amazon-corretto-21.0.1.12.1-windows-x64-jdk.zip to C:\Users\User\AppData\Local\JetBrains\Amper\download.cache\5de2c13edf-amazon-corretto-21.0.1.12.1-windows-x64-jdk.zip
02:56.038 ERROR :KtorFramework:resolveDependenciesJvm MainKt                    Internal error:: org.jetbrains.amper.engine.TaskExecutor$TaskExecutionFailed: Task ':KtorFramework:compileJvm' failed: java.lang.Exception: 5 attempts failed, see suppressed exceptions for details
	at org.jetbrains.amper.engine.TaskExecutor.runSingleTaskSafely(TaskExecutor.kt:162)
	at org.jetbrains.amper.engine.TaskExecutor.access$runSingleTaskSafely(TaskExecutor.kt:28)
	at org.jetbrains.amper.engine.TaskExecutor$runSingleTaskSafely$1.invokeSuspend(TaskExecutor.kt)
	at kotlin.coroutines.jvm.internal.BaseContinuationImpl.resumeWith(ContinuationImpl.kt:33)
	at kotlinx.coroutines.UndispatchedCoroutine.afterResume(CoroutineContext.kt:277)
	at kotlinx.coroutines.AbstractCoroutine.resumeWith(AbstractCoroutine.kt:101)
	at kotlin.coroutines.jvm.internal.BaseContinuationImpl.resumeWith(ContinuationImpl.kt:46)
	at kotlinx.coroutines.DispatchedTask.run(DispatchedTask.kt:98)
	at kotlinx.coroutines.scheduling.CoroutineScheduler.runSafely(CoroutineScheduler.kt:613)
	at kotlinx.coroutines.scheduling.CoroutineScheduler$Worker.executeTask(CoroutineScheduler.kt:1189)
	at kotlinx.coroutines.scheduling.CoroutineScheduler$Worker.runWorker(CoroutineScheduler.kt:778)
	at kotlinx.coroutines.scheduling.CoroutineScheduler$Worker.run(CoroutineScheduler.kt:765)
Caused by: java.lang.Exception: 5 attempts failed, see suppressed exceptions for details
	at org.jetbrains.amper.core.downloader.RetryKt.suspendingRetryWithExponentialBackOff(retry.kt:42)
	at org.jetbrains.amper.core.downloader.RetryKt$suspendingRetryWithExponentialBackOff$1.invokeSuspend(retry.kt)
	at _COROUTINE._BOUNDARY._(CoroutineDebugging.kt:42)
	at org.jetbrains.amper.core.downloader.Downloader.downloadFileToCacheLocation(downloader.kt:215)
	at org.jetbrains.amper.jdk.provisioning.JdkDownloader.downloadJdk(JdkDownloader.kt:46)
	at org.jetbrains.amper.tasks.jvm.JvmCompileTask.run(JvmCompileTask.kt:155)
	at org.jetbrains.amper.engine.TaskExecutor$runSingleTask$2$1$1.invokeSuspend(TaskExecutor.kt:176)
	at org.jetbrains.amper.engine.TaskExecutor$runSingleTask$$inlined$use$1.invokeSuspend(TaskExecutor.kt:89)
	at org.jetbrains.amper.engine.TaskExecutor.runSingleTaskSafely(TaskExecutor.kt:154)
	at org.jetbrains.amper.engine.TaskExecutor.runDependenciesAndTask(TaskExecutor.kt:125)
	at org.jetbrains.amper.engine.TaskExecutor$runTasks$2$1$1$1.invokeSuspend(TaskExecutor.kt:103)
Caused by: java.lang.Exception: 5 attempts failed, see suppressed exceptions for details
	at org.jetbrains.amper.core.downloader.RetryKt.suspendingRetryWithExponentialBackOff(retry.kt:42)
	at org.jetbrains.amper.core.downloader.RetryKt$suspendingRetryWithExponentialBackOff$1.invokeSuspend(retry.kt)
	at kotlin.coroutines.jvm.internal.BaseContinuationImpl.resumeWith(ContinuationImpl.kt:33)
	at kotlinx.coroutines.internal.ScopeCoroutine.afterResume(Scopes.kt:36)
	at kotlinx.coroutines.AbstractCoroutine.resumeWith(AbstractCoroutine.kt:101)
	at kotlin.coroutines.jvm.internal.BaseContinuationImpl.resumeWith(ContinuationImpl.kt:46)
	at kotlinx.coroutines.DispatchedTask.run(DispatchedTask.kt:100)
	at kotlinx.coroutines.internal.LimitedDispatcher$Worker.run(LimitedDispatcher.kt:113)
	at kotlinx.coroutines.scheduling.TaskImpl.run(Tasks.kt:89)
	at kotlinx.coroutines.scheduling.CoroutineScheduler.runSafely(CoroutineScheduler.kt:613)
	at kotlinx.coroutines.scheduling.CoroutineScheduler$Worker.executeTask(CoroutineScheduler.kt:1183)
	at kotlinx.coroutines.scheduling.CoroutineScheduler$Worker.runWorker(CoroutineScheduler.kt:778)
	at kotlinx.coroutines.scheduling.CoroutineScheduler$Worker.run(CoroutineScheduler.kt:765)
